Reading netlist file: "D:\github\HRA_product\Y8960_Cartridge\fpga\Y8960_Cartridge_TangPrimer25K\impl\gwsynthesis\Y8960_Cartridge_TangPrimer25K.vg"
Parsing netlist file "D:\github\HRA_product\Y8960_Cartridge\fpga\Y8960_Cartridge_TangPrimer25K\impl\gwsynthesis\Y8960_Cartridge_TangPrimer25K.vg" completed
Processing netlist completed
Reading constraint file: "D:\github\HRA_product\Y8960_Cartridge\fpga\Y8960_Cartridge_TangPrimer25K\src\Y8960_Cartridge_TangPrimer25K.cst"
Physical Constraint parsed completed
Running placement......
[10%] Placement Phase 0 completed
[20%] Placement Phase 1 completed
[30%] Placement Phase 2 completed
WARN  (TA1132) :  'clk_14m' was determined to be a clock but was not created.
[50%] Placement Phase 3 completed
Running routing......
[60%] Routing Phase 0 completed
[70%] Routing Phase 1 completed
[80%] Routing Phase 2 completed
[90%] Routing Phase 3 completed
Running timing analysis......
[95%] Timing analysis completed
Placement and routing completed
Bitstream generation in progress......
Bitstream generation completed
Running power analysis......
[100%] Power analysis completed
Generate file "D:\github\HRA_product\Y8960_Cartridge\fpga\Y8960_Cartridge_TangPrimer25K\impl\pnr\Y8960_Cartridge_TangPrimer25K.power.html" completed
Generate file "D:\github\HRA_product\Y8960_Cartridge\fpga\Y8960_Cartridge_TangPrimer25K\impl\pnr\Y8960_Cartridge_TangPrimer25K.pin.html" completed
Generate file "D:\github\HRA_product\Y8960_Cartridge\fpga\Y8960_Cartridge_TangPrimer25K\impl\pnr\Y8960_Cartridge_TangPrimer25K.rpt.html" completed
Generate file "D:\github\HRA_product\Y8960_Cartridge\fpga\Y8960_Cartridge_TangPrimer25K\impl\pnr\Y8960_Cartridge_TangPrimer25K.rpt.txt" completed
Generate file "D:\github\HRA_product\Y8960_Cartridge\fpga\Y8960_Cartridge_TangPrimer25K\impl\pnr\Y8960_Cartridge_TangPrimer25K.tr.html" completed
Fri Jan 23 21:50:32 2026

